AICTE/app/build/intermediates/manifest_merge_blame_file/debug/manifest-merger-blame-debug-report.txt
1<?xml version="1.0" encoding="utf-8"?>
2<manifest xmlns:android="http://schemas.android.com/apk/res/android"
3    package="com.aamrtu.aicte"
4    android:versionCode="1"
5    android:versionName="1.0" >
6
7    <uses-sdk
8        android:minSdkVersion="19"
8-->src\main\AndroidManifest.xml
9        android:targetSdkVersion="28" />
9-->src\main\AndroidManifest.xml
10
11    <uses-permission android:name="android.permission.ACCESS_NETWORK_STATE" />
11-->[com.google.firebase:firebase-database:16.0.4] AndroidManifest.xml:22:5-79
11-->[com.google.firebase:firebase-database:16.0.4] AndroidManifest.xml:22:22-76
12    <uses-permission android:name="android.permission.INTERNET" />
12-->[com.google.firebase:firebase-database:16.0.4] AndroidManifest.xml:23:5-67
12-->[com.google.firebase:firebase-database:16.0.4] AndroidManifest.xml:23:22-64
13    <uses-permission android:name="android.permission.WAKE_LOCK" />
13-->[com.google.firebase:firebase-measurement-connector-impl:17.0.2] AndroidManifest.xml:24:5-68
13-->[com.google.firebase:firebase-measurement-connector-impl:17.0.2] AndroidManifest.xml:24:22-65
14    <uses-permission android:name="com.google.android.finsky.permission.BIND_GET_INSTALL_REFERRER_SERVICE" /> <!-- Required by older versions of Google Play services to create IID tokens -->
14-->[com.google.firebase:firebase-analytics:16.0.4] AndroidManifest.xml:26:5-110
14-->[com.google.firebase:firebase-analytics:16.0.4] AndroidManifest.xml:26:22-107
15    <uses-permission android:name="com.google.android.c2dm.permission.RECEIVE" />
15-->[com.google.firebase:firebase-iid:17.0.3] AndroidManifest.xml:26:5-82
15-->[com.google.firebase:firebase-iid:17.0.3] AndroidManifest.xml:26:22-79
16
17    <application
17-->src\main\AndroidManifest.xml:5:5-19:19
18        android:allowBackup="true"
18-->src\main\AndroidManifest.xml:6:9-35
19        android:appComponentFactory="androidx.core.app.CoreComponentFactory"
19-->[androidx.core:core:1.0.1] AndroidManifest.xml:22:18-86
20        android:debuggable="true"
21        android:icon="@mipmap/ic_launcher"
21-->src\main\AndroidManifest.xml:7:9-43
22        android:label="@string/app_name"
22-->src\main\AndroidManifest.xml:8:9-41
23        android:roundIcon="@mipmap/ic_launcher_round"
23-->src\main\AndroidManifest.xml:9:9-54
24        android:supportsRtl="true"
24-->src\main\AndroidManifest.xml:10:9-35
25        android:theme="@style/AppTheme" >
25-->src\main\AndroidManifest.xml:11:9-40
26        <activity android:name="com.aamrtu.aicte.MainActivity" >
26-->src\main\AndroidManifest.xml:12:9-18:20
26-->src\main\AndroidManifest.xml:12:19-47
27            <intent-filter>
27-->src\main\AndroidManifest.xml:13:13-17:29
28                <action android:name="android.intent.action.MAIN" />
28-->src\main\AndroidManifest.xml:14:17-69
28-->src\main\AndroidManifest.xml:14:25-66
29
30                <category android:name="android.intent.category.LAUNCHER" />
30-->src\main\AndroidManifest.xml:16:17-77
30-->src\main\AndroidManifest.xml:16:27-74
31            </intent-filter>
32        </activity>
33        <activity
33-->[com.google.firebase:firebase-auth:16.0.4] AndroidManifest.xml:23:9-29:75
34            android:name="com.google.firebase.auth.internal.FederatedSignInActivity"
34-->[com.google.firebase:firebase-auth:16.0.4] AndroidManifest.xml:24:13-85
35            android:excludeFromRecents="true"
35-->[com.google.firebase:firebase-auth:16.0.4] AndroidManifest.xml:25:13-46
36            android:exported="true"
36-->[com.google.firebase:firebase-auth:16.0.4] AndroidManifest.xml:26:13-36
37            android:launchMode="singleInstance"
37-->[com.google.firebase:firebase-auth:16.0.4] AndroidManifest.xml:27:13-48
38            android:permission="com.google.firebase.auth.api.gms.permission.LAUNCH_FEDERATED_SIGN_IN"
38-->[com.google.firebase:firebase-auth:16.0.4] AndroidManifest.xml:28:13-102
39            android:theme="@android:style/Theme.Translucent.NoTitleBar" />
39-->[com.google.firebase:firebase-auth:16.0.4] AndroidManifest.xml:29:13-72
40
41        <service
41-->[com.google.firebase:firebase-auth:16.0.4] AndroidManifest.xml:31:9-35:19
42            android:name="com.google.firebase.components.ComponentDiscoveryService"
42-->[com.google.firebase:firebase-auth:16.0.4] AndroidManifest.xml:31:18-89
43            android:exported="false" >
43-->[com.google.firebase:firebase-iid:17.0.3] AndroidManifest.xml:31:13-37
44            <meta-data
44-->[com.google.firebase:firebase-auth:16.0.4] AndroidManifest.xml:32:13-34:85
45                android:name="com.google.firebase.components:com.google.firebase.auth.FirebaseAuthRegistrar"
45-->[com.google.firebase:firebase-auth:16.0.4] AndroidManifest.xml:33:17-109
46                android:value="com.google.firebase.components.ComponentRegistrar" />
46-->[com.google.firebase:firebase-auth:16.0.4] AndroidManifest.xml:34:17-82
47            <meta-data
47-->[com.google.firebase:firebase-measurement-connector-impl:17.0.2] AndroidManifest.xml:28:13-30:85
48                android:name="com.google.firebase.components:com.google.firebase.analytics.connector.internal.AnalyticsConnectorRegistrar"
48-->[com.google.firebase:firebase-measurement-connector-impl:17.0.2] AndroidManifest.xml:29:17-139
49                android:value="com.google.firebase.components.ComponentRegistrar" />
49-->[com.google.firebase:firebase-measurement-connector-impl:17.0.2] AndroidManifest.xml:30:17-82
50            <meta-data
50-->[com.google.firebase:firebase-iid:17.0.3] AndroidManifest.xml:32:13-34:85
51                android:name="com.google.firebase.components:com.google.firebase.iid.Registrar"
51-->[com.google.firebase:firebase-iid:17.0.3] AndroidManifest.xml:33:17-96
52                android:value="com.google.firebase.components.ComponentRegistrar" />
52-->[com.google.firebase:firebase-iid:17.0.3] AndroidManifest.xml:34:17-82
53        </service>
54
55        <receiver
55-->[com.google.firebase:firebase-analytics:16.0.4] AndroidManifest.xml:29:9-33:20
56            android:name="com.google.android.gms.measurement.AppMeasurementReceiver"
56-->[com.google.firebase:firebase-analytics:16.0.4] AndroidManifest.xml:30:13-85
57            android:enabled="true"
57-->[com.google.firebase:firebase-analytics:16.0.4] AndroidManifest.xml:31:13-35
58            android:exported="false" >
58-->[com.google.firebase:firebase-analytics:16.0.4] AndroidManifest.xml:32:13-37
59        </receiver>
60        <receiver
60-->[com.google.firebase:firebase-analytics:16.0.4] AndroidManifest.xml:34:9-42:20
61            android:name="com.google.android.gms.measurement.AppMeasurementInstallReferrerReceiver"
61-->[com.google.firebase:firebase-analytics:16.0.4] AndroidManifest.xml:35:13-100
62            android:enabled="true"
62-->[com.google.firebase:firebase-analytics:16.0.4] AndroidManifest.xml:36:13-35
63            android:exported="true"
63-->[com.google.firebase:firebase-analytics:16.0.4] AndroidManifest.xml:37:13-36
64            android:permission="android.permission.INSTALL_PACKAGES" >
64-->[com.google.firebase:firebase-analytics:16.0.4] AndroidManifest.xml:38:13-69
65            <intent-filter>
65-->[com.google.firebase:firebase-analytics:16.0.4] AndroidManifest.xml:39:13-41:29
66                <action android:name="com.android.vending.INSTALL_REFERRER" />
66-->[com.google.firebase:firebase-analytics:16.0.4] AndroidManifest.xml:40:17-79
66-->[com.google.firebase:firebase-analytics:16.0.4] AndroidManifest.xml:40:25-76
67            </intent-filter>
68        </receiver>
69
70        <service
70-->[com.google.firebase:firebase-analytics:16.0.4] AndroidManifest.xml:44:9-47:40
71            android:name="com.google.android.gms.measurement.AppMeasurementService"
71-->[com.google.firebase:firebase-analytics:16.0.4] AndroidManifest.xml:45:13-84
72            android:enabled="true"
72-->[com.google.firebase:firebase-analytics:16.0.4] AndroidManifest.xml:46:13-35
73            android:exported="false" />
73-->[com.google.firebase:firebase-analytics:16.0.4] AndroidManifest.xml:47:13-37
74        <service
74-->[com.google.firebase:firebase-analytics:16.0.4] AndroidManifest.xml:48:9-52:72
75            android:name="com.google.android.gms.measurement.AppMeasurementJobService"
75-->[com.google.firebase:firebase-analytics:16.0.4] AndroidManifest.xml:49:13-87
76            android:enabled="true"
76-->[com.google.firebase:firebase-analytics:16.0.4] AndroidManifest.xml:50:13-35
77            android:exported="false"
77-->[com.google.firebase:firebase-analytics:16.0.4] AndroidManifest.xml:51:13-37
78            android:permission="android.permission.BIND_JOB_SERVICE" />
78-->[com.google.firebase:firebase-analytics:16.0.4] AndroidManifest.xml:52:13-69
79
80        <receiver
80-->[com.google.firebase:firebase-iid:17.0.3] AndroidManifest.xml:37:9-44:20
81            android:name="com.google.firebase.iid.FirebaseInstanceIdReceiver"
81-->[com.google.firebase:firebase-iid:17.0.3] AndroidManifest.xml:38:13-78
82            android:exported="true"
82-->[com.google.firebase:firebase-iid:17.0.3] AndroidManifest.xml:39:13-36
83            android:permission="com.google.android.c2dm.permission.SEND" >
83-->[com.google.firebase:firebase-iid:17.0.3] AndroidManifest.xml:40:13-73
84            <intent-filter>
84-->[com.google.firebase:firebase-iid:17.0.3] AndroidManifest.xml:41:13-43:29
85                <action android:name="com.google.android.c2dm.intent.RECEIVE" />
85-->[com.google.firebase:firebase-iid:17.0.3] AndroidManifest.xml:42:17-81
85-->[com.google.firebase:firebase-iid:17.0.3] AndroidManifest.xml:42:25-78
86            </intent-filter>
87        </receiver>
88        <!--
89             FirebaseInstanceIdService performs security checks at runtime,
90             no need for explicit permissions despite exported="true"
91        -->
92        <service
92-->[com.google.firebase:firebase-iid:17.0.3] AndroidManifest.xml:50:9-56:19
93            android:name="com.google.firebase.iid.FirebaseInstanceIdService"
93-->[com.google.firebase:firebase-iid:17.0.3] AndroidManifest.xml:51:13-77
94            android:exported="true" >
94-->[com.google.firebase:firebase-iid:17.0.3] AndroidManifest.xml:52:13-36
95            <intent-filter android:priority="-500" >
95-->[com.google.firebase:firebase-iid:17.0.3] AndroidManifest.xml:53:13-55:29
95-->[com.google.firebase:firebase-iid:17.0.3] AndroidManifest.xml:53:28-51
96                <action android:name="com.google.firebase.INSTANCE_ID_EVENT" />
96-->[com.google.firebase:firebase-iid:17.0.3] AndroidManifest.xml:54:17-80
96-->[com.google.firebase:firebase-iid:17.0.3] AndroidManifest.xml:54:25-77
97            </intent-filter>
98        </service>
99
100        <activity
100-->[com.google.android.gms:play-services-base:16.0.1] AndroidManifest.xml:23:9-26:75
101            android:name="com.google.android.gms.common.api.GoogleApiActivity"
101-->[com.google.android.gms:play-services-base:16.0.1] AndroidManifest.xml:24:13-79
102            android:exported="false"
102-->[com.google.android.gms:play-services-base:16.0.1] AndroidManifest.xml:25:13-37
103            android:theme="@android:style/Theme.Translucent.NoTitleBar" />
103-->[com.google.android.gms:play-services-base:16.0.1] AndroidManifest.xml:26:13-72
104
105        <provider
105-->[com.google.firebase:firebase-common:16.0.3] AndroidManifest.xml:10:9-14:39
106            android:name="com.google.firebase.provider.FirebaseInitProvider"
106-->[com.google.firebase:firebase-common:16.0.3] AndroidManifest.xml:11:13-77
107            android:authorities="com.aamrtu.aicte.firebaseinitprovider"
107-->[com.google.firebase:firebase-common:16.0.3] AndroidManifest.xml:12:13-72
108            android:exported="false"
108-->[com.google.firebase:firebase-common:16.0.3] AndroidManifest.xml:13:13-37
109            android:initOrder="100" />
109-->[com.google.firebase:firebase-common:16.0.3] AndroidManifest.xml:14:13-36
110
111        <meta-data
111-->[com.google.android.gms:play-services-basement:16.0.1] AndroidManifest.xml:23:9-25:69
112            android:name="com.google.android.gms.version"
112-->[com.google.android.gms:play-services-basement:16.0.1] AndroidManifest.xml:24:13-58
113            android:value="@integer/google_play_services_version" />
113-->[com.google.android.gms:play-services-basement:16.0.1] AndroidManifest.xml:25:13-66
114    </application>
115
116</manifest>